Vivado Simulator v2024.1
Copyright 1986-2022 Xilinx, Inc. All Rights Reserved.
Copyright 2022-2024 Advanced Micro Devices, Inc. All Rights Reserved.
Running: D:/Xilinx/Vivado/2024.1/bin/unwrapped/win64.o/xelab.exe --incr --debug typical --relax --mt 2 -L xil_defaultlib -L unisims_ver -L unimacro_ver -L secureip --snapshot tb2_uart_behav xil_defaultlib.tb2_uart xil_defaultlib.glbl -log elaborate.log 
Using 2 slave threads.
Starting static elaboration
Pass Through NonSizing Optimizer
WARNING: [VRFC 10-3091] actual bit length 1 differs from formal bit length 8 for port 'dout' [D:/Youssef/Projects/Communication_FPGA/Communication/Communication.srcs/sim_1/new/tb2_uart.v:19]
WARNING: [VRFC 10-3091] actual bit length 1 differs from formal bit length 4 for port 'rx_fifo_threshold' [D:/Youssef/Projects/Communication_FPGA/Communication/Communication.srcs/sources_1/new/driver.v:47]
WARNING: [VRFC 10-3091] actual bit length 1 differs from formal bit length 8 for port 'rx_fifo_in' [D:/Youssef/Projects/Communication_FPGA/Communication/Communication.srcs/sources_1/new/driver.v:50]
WARNING: [VRFC 10-3091] actual bit length 1 differs from formal bit length 8 for port 'dout' [D:/Youssef/Projects/Communication_FPGA/Communication/Communication.srcs/sources_1/new/driver.v:97]
WARNING: [VRFC 10-3091] actual bit length 1 differs from formal bit length 8 for port 'din' [D:/Youssef/Projects/Communication_FPGA/Communication/Communication.srcs/sources_1/new/driver.v:107]
WARNING: [VRFC 10-3091] actual bit length 1 differs from formal bit length 8 for port 'dout' [D:/Youssef/Projects/Communication_FPGA/Communication/Communication.srcs/sources_1/new/driver.v:108]
WARNING: [VRFC 10-3091] actual bit length 1 differs from formal bit length 4 for port 'threshold' [D:/Youssef/Projects/Communication_FPGA/Communication/Communication.srcs/sources_1/new/driver.v:113]
WARNING: [VRFC 10-3091] actual bit length 1 differs from formal bit length 8 for port 'dout' [D:/Youssef/Projects/Communication_FPGA/Communication/Communication.srcs/sim_1/new/tb2_uart.v:20]
Completed static elaboration
Starting simulation data flow analysis
Completed simulation data flow analysis
Time Resolution for simulation is 1ps
Compiling module xil_defaultlib.uart_regs
Compiling module xil_defaultlib.uart_tx_default
Compiling module xil_defaultlib.fifo_default
Compiling module xil_defaultlib.uart_rx_default
Compiling module xil_defaultlib.driver
Compiling module xil_defaultlib.tb2_uart
Compiling module xil_defaultlib.glbl
Built simulation snapshot tb2_uart_behav
